#
# There is insufficient memory for the Java Runtime Environment to continue.
# Native memory allocation (mmap) failed to map 65536 bytes for Failed to commit metaspace.
# Possible reasons:
#   The system is out of physical RAM or swap space
#   The process is running with CompressedOops enabled, and the Java Heap may be blocking the growth of the native heap
# Possible solutions:
#   Reduce memory load on the system
#   Increase physical memory or swap space
#   Check if swap backing store is full
#   Decrease Java heap size (-Xmx/-Xms)
#   Decrease number of Java threads
#   Decrease Java thread stack sizes (-Xss)
#   Set larger code cache with -XX:ReservedCodeCacheSize=
#   JVM is running with Unscaled Compressed Oops mode in which the Java heap is
#     placed in the first 4GB address space. The Java Heap base address is the
#     maximum limit for the native heap growth. Please use -XX:HeapBaseMinAddress
#     to set the Java Heap base and to place the Java Heap above 4GB virtual address.
# This output file may be truncated or incomplete.
#
#  Out of Memory Error (virtualSpaceNode.cpp:110), pid=7408, tid=14760
#
# JRE version: OpenJDK Runtime Environment Temurin-17.0.5+8 (17.0.5+8) (build 17.0.5+8)
# Java VM: OpenJDK 64-Bit Server VM Temurin-17.0.5+8 (17.0.5+8, mixed mode, tiered, compressed oops, compressed class ptrs, g1 gc, windows-amd64)
# No core dump will be written. Minidumps are not enabled by default on client versions of Windows
#

---------------  S U M M A R Y ------------

Command Line: -Dfile.encoding=UTF-8 --module-path=C:\Users\josip\eclipse-workspace\Memory\bin -XX:+ShowCodeDetailsInExceptionMessages -Djdk.module.main=Memory Memory/memory_game.Memory

Host: Intel(R) Celeron(R) CPU  N3060  @ 1.60GHz, 2 cores, 7G,  Windows 10 , 64 bit Build 19041 (10.0.19041.2546)
Time: Wed Mar  1 01:22:42 2023 Srednja Europa - st. vrij.  elapsed time: 1.461358 seconds (0d 0h 0m 1s)

---------------  T H R E A D  ---------------

Current thread (0x00000268e651cc20):  JavaThread "main" [_thread_in_vm, id=14760, stack(0x000000a788c00000,0x000000a788d00000)]

Stack: [0x000000a788c00000,0x000000a788d00000]
Native frames: (J=compiled Java code, j=interpreted, Vv=VM code, C=native code)
V  [jvm.dll+0x676b3a]
V  [jvm.dll+0x831444]
V  [jvm.dll+0x832bee]
V  [jvm.dll+0x833253]
V  [jvm.dll+0x244ce5]
V  [jvm.dll+0x82d4db]
V  [jvm.dll+0x61b2f6]
V  [jvm.dll+0x1bfd2e]
V  [jvm.dll+0x61dc41]
V  [jvm.dll+0x61bc96]
V  [jvm.dll+0x23a7d0]
V  [jvm.dll+0x1ea39d]
V  [jvm.dll+0x1dfdd1]
V  [jvm.dll+0x53be30]
V  [jvm.dll+0x1f05a7]
V  [jvm.dll+0x7ab9db]
V  [jvm.dll+0x7acd82]
V  [jvm.dll+0x7ad0b8]
V  [jvm.dll+0x23d0ee]
V  [jvm.dll+0x23d33f]
V  [jvm.dll+0x5593e3]
V  [jvm.dll+0x55b864]
V  [jvm.dll+0x38211b]
V  [jvm.dll+0x381bd2]
C  0x00000268e9bf8705

Java frames: (J=compiled Java code, j=interpreted, Vv=VM code)
j  sun.java2d.SurfaceData.<clinit>()V+33 java.desktop@17.0.5
v  ~StubRoutines::call_stub
j  sun.awt.windows.WToolkit.initIDs()V+0 java.desktop@17.0.5
j  sun.awt.windows.WToolkit.<clinit>()V+20 java.desktop@17.0.5
v  ~StubRoutines::call_stub
j  sun.awt.Win32GraphicsEnvironment.<clinit>()V+16 java.desktop@17.0.5
v  ~StubRoutines::call_stub
j  sun.awt.PlatformGraphicsInfo.createGE()Ljava/awt/GraphicsEnvironment;+0 java.desktop@17.0.5
j  java.awt.GraphicsEnvironment$LocalGE.createGE()Ljava/awt/GraphicsEnvironment;+0 java.desktop@17.0.5
j  java.awt.GraphicsEnvironment$LocalGE.<clinit>()V+0 java.desktop@17.0.5
v  ~StubRoutines::call_stub
j  java.awt.GraphicsEnvironment.getLocalGraphicsEnvironment()Ljava/awt/GraphicsEnvironment;+0 java.desktop@17.0.5
j  java.awt.Window.initGC(Ljava/awt/GraphicsConfiguration;)Ljava/awt/GraphicsConfiguration;+7 java.desktop@17.0.5
j  java.awt.Window.init(Ljava/awt/GraphicsConfiguration;)V+45 java.desktop@17.0.5
j  java.awt.Window.<init>()V+124 java.desktop@17.0.5
j  java.awt.Frame.<init>(Ljava/lang/String;)V+1 java.desktop@17.0.5
j  java.awt.Frame.<init>()V+3 java.desktop@17.0.5
j  javax.swing.JFrame.<init>()V+1 java.desktop@17.0.5
j  memory_game.Memory.<init>()V+1 Memory
j  memory_game.Memory.main([Ljava/lang/String;)V+14 Memory
v  ~StubRoutines::call_stub

---------------  P R O C E S S  ---------------

Threads class SMR info:
_java_thread_list=0x00000268ffbca7d0, length=12, elements={
0x00000268e651cc20, 0x00000268ff9157e0, 0x00000268ff9172f0, 0x00000268ff93c830,
0x00000268ff93d0f0, 0x00000268ff93e240, 0x00000268ff9010e0, 0x00000268ff950800,
0x00000268ff956130, 0x00000268ff9571d0, 0x00000268ff87f5b0, 0x00000268ffbce140
}

Java Threads: ( => current thread )
=>0x00000268e651cc20 JavaThread "main" [_thread_in_vm, id=14760, stack(0x000000a788c00000,0x000000a788d00000)]
  0x00000268ff9157e0 JavaThread "Reference Handler" daemon [_thread_blocked, id=17792, stack(0x000000a789300000,0x000000a789400000)]
  0x00000268ff9172f0 JavaThread "Finalizer" daemon [_thread_blocked, id=10204, stack(0x000000a789400000,0x000000a789500000)]
  0x00000268ff93c830 JavaThread "Signal Dispatcher" daemon [_thread_blocked, id=5640, stack(0x000000a789500000,0x000000a789600000)]
  0x00000268ff93d0f0 JavaThread "Attach Listener" daemon [_thread_blocked, id=21248, stack(0x000000a789600000,0x000000a789700000)]
  0x00000268ff93e240 JavaThread "Service Thread" daemon [_thread_blocked, id=15152, stack(0x000000a789700000,0x000000a789800000)]
  0x00000268ff9010e0 JavaThread "Monitor Deflation Thread" daemon [_thread_blocked, id=16708, stack(0x000000a789800000,0x000000a789900000)]
  0x00000268ff950800 JavaThread "C2 CompilerThread0" daemon [_thread_blocked, id=15172, stack(0x000000a789900000,0x000000a789a00000)]
  0x00000268ff956130 JavaThread "C1 CompilerThread0" daemon [_thread_blocked, id=19608, stack(0x000000a789a00000,0x000000a789b00000)]
  0x00000268ff9571d0 JavaThread "Sweeper thread" daemon [_thread_blocked, id=13344, stack(0x000000a789b00000,0x000000a789c00000)]
  0x00000268ff87f5b0 JavaThread "Common-Cleaner" daemon [_thread_blocked, id=19528, stack(0x000000a789c00000,0x000000a789d00000)]
  0x00000268ffbce140 JavaThread "Notification Thread" daemon [_thread_blocked, id=8588, stack(0x000000a789d00000,0x000000a789e00000)]

Other Threads:
  0x00000268ff8f2640 VMThread "VM Thread" [stack: 0x000000a789200000,0x000000a789300000] [id=11772]
  0x00000268ffbce610 WatcherThread [stack: 0x000000a789e00000,0x000000a789f00000] [id=20060]
  0x00000268e6576f30 GCTaskThread "GC Thread#0" [stack: 0x000000a788d00000,0x000000a788e00000] [id=16256]
  0x00000268e6587bb0 ConcurrentGCThread "G1 Main Marker" [stack: 0x000000a788e00000,0x000000a788f00000] [id=15612]
  0x00000268e6588ea0 ConcurrentGCThread "G1 Conc#0" [stack: 0x000000a788f00000,0x000000a789000000] [id=20256]
  0x00000268e65e6b50 ConcurrentGCThread "G1 Refine#0" [stack: 0x000000a789000000,0x000000a789100000] [id=5520]
  0x00000268ff750fc0 ConcurrentGCThread "G1 Service" [stack: 0x000000a789100000,0x000000a789200000] [id=11836]

Threads with active compile tasks:

VM state: not at safepoint (normal execution)

VM Mutex/Monitor currently owned by a thread:  ([mutex/lock_event])
[0x00000268e443d5d0] Metaspace_lock - owner thread: 0x00000268e651cc20

Heap address: 0x0000000081600000, size: 2026 MB, Compressed Oops mode: 32-bit

CDS archive(s) not mapped
Compressed class space mapped at: 0x0000000100000000-0x0000000140000000, reserved size: 1073741824
Narrow klass base: 0x0000000000000000, Narrow klass shift: 3, Narrow klass range: 0x140000000

GC Precious Log:
 CPUs: 2 total, 2 available
 Memory: 8097M
 Large Page Support: Disabled
 NUMA Support: Disabled
 Compressed Oops: Enabled (32-bit)
 Heap Region Size: 1M
 Heap Min Capacity: 8M
 Heap Initial Capacity: 128M
 Heap Max Capacity: 2026M
 Pre-touch: Disabled
 Parallel Workers: 2
 Concurrent Workers: 1
 Concurrent Refinement Workers: 2
 Periodic GC: Disabled

Heap:
 garbage-first heap   total 131072K, used 2048K [0x0000000081600000, 0x0000000100000000)
  region size 1024K, 3 young (3072K), 0 survivors (0K)
 Metaspace       used 8762K, committed 8896K, reserved 1056768K
  class space    used 793K, committed 896K, reserved 1048576K

Heap Regions: E=young(eden), S=young(survivor), O=old, HS=humongous(starts), HC=humongous(continues), CS=collection set, F=free, OA=open archive, CA=closed archive, TAMS=top-at-mark-start (previous, next)
|   0|0x0000000081600000, 0x0000000081600000, 0x0000000081700000|  0%| F|  |TAMS 0x0000000081600000, 0x0000000081600000| Untracked 
|   1|0x0000000081700000, 0x0000000081700000, 0x0000000081800000|  0%| F|  |TAMS 0x0000000081700000, 0x0000000081700000| Untracked 
|   2|0x0000000081800000, 0x0000000081800000, 0x0000000081900000|  0%| F|  |TAMS 0x0000000081800000, 0x0000000081800000| Untracked 
|   3|0x0000000081900000, 0x0000000081900000, 0x0000000081a00000|  0%| F|  |TAMS 0x0000000081900000, 0x0000000081900000| Untracked 
|   4|0x0000000081a00000, 0x0000000081a00000, 0x0000000081b00000|  0%| F|  |TAMS 0x0000000081a00000, 0x0000000081a00000| Untracked 
|   5|0x0000000081b00000, 0x0000000081b00000, 0x0000000081c00000|  0%| F|  |TAMS 0x0000000081b00000, 0x0000000081b00000| Untracked 
|   6|0x0000000081c00000, 0x0000000081c00000, 0x0000000081d00000|  0%| F|  |TAMS 0x0000000081c00000, 0x0000000081c00000| Untracked 
|   7|0x0000000081d00000, 0x0000000081d00000, 0x0000000081e00000|  0%| F|  |TAMS 0x0000000081d00000, 0x0000000081d00000| Untracked 
|   8|0x0000000081e00000, 0x0000000081e00000, 0x0000000081f00000|  0%| F|  |TAMS 0x0000000081e00000, 0x0000000081e00000| Untracked 
|   9|0x0000000081f00000, 0x0000000081f00000, 0x0000000082000000|  0%| F|  |TAMS 0x0000000081f00000, 0x0000000081f00000| Untracked 
|  10|0x0000000082000000, 0x0000000082000000, 0x0000000082100000|  0%| F|  |TAMS 0x0000000082000000, 0x0000000082000000| Untracked 
|  11|0x0000000082100000, 0x0000000082100000, 0x0000000082200000|  0%| F|  |TAMS 0x0000000082100000, 0x0000000082100000| Untracked 
|  12|0x0000000082200000, 0x0000000082200000, 0x0000000082300000|  0%| F|  |TAMS 0x0000000082200000, 0x0000000082200000| Untracked 
|  13|0x0000000082300000, 0x0000000082300000, 0x0000000082400000|  0%| F|  |TAMS 0x0000000082300000, 0x0000000082300000| Untracked 
|  14|0x0000000082400000, 0x0000000082400000, 0x0000000082500000|  0%| F|  |TAMS 0x0000000082400000, 0x0000000082400000| Untracked 
|  15|0x0000000082500000, 0x0000000082500000, 0x0000000082600000|  0%| F|  |TAMS 0x0000000082500000, 0x0000000082500000| Untracked 
|  16|0x0000000082600000, 0x0000000082600000, 0x0000000082700000|  0%| F|  |TAMS 0x0000000082600000, 0x0000000082600000| Untracked 
|  17|0x0000000082700000, 0x0000000082700000, 0x0000000082800000|  0%| F|  |TAMS 0x0000000082700000, 0x0000000082700000| Untracked 
|  18|0x0000000082800000, 0x0000000082800000, 0x0000000082900000|  0%| F|  |TAMS 0x0000000082800000, 0x0000000082800000| Untracked 
|  19|0x0000000082900000, 0x0000000082900000, 0x0000000082a00000|  0%| F|  |TAMS 0x0000000082900000, 0x0000000082900000| Untracked 
|  20|0x0000000082a00000, 0x0000000082a00000, 0x0000000082b00000|  0%| F|  |TAMS 0x0000000082a00000, 0x0000000082a00000| Untracked 
|  21|0x0000000082b00000, 0x0000000082b00000, 0x0000000082c00000|  0%| F|  |TAMS 0x0000000082b00000, 0x0000000082b00000| Untracked 
|  22|0x0000000082c00000, 0x0000000082c00000, 0x0000000082d00000|  0%| F|  |TAMS 0x0000000082c00000, 0x0000000082c00000| Untracked 
|  23|0x0000000082d00000, 0x0000000082d00000, 0x0000000082e00000|  0%| F|  |TAMS 0x0000000082d00000, 0x0000000082d00000| Untracked 
|  24|0x0000000082e00000, 0x0000000082e00000, 0x0000000082f00000|  0%| F|  |TAMS 0x0000000082e00000, 0x0000000082e00000| Untracked 
|  25|0x0000000082f00000, 0x0000000082f00000, 0x0000000083000000|  0%| F|  |TAMS 0x0000000082f00000, 0x0000000082f00000| Untracked 
|  26|0x0000000083000000, 0x0000000083000000, 0x0000000083100000|  0%| F|  |TAMS 0x0000000083000000, 0x0000000083000000| Untracked 
|  27|0x0000000083100000, 0x0000000083100000, 0x0000000083200000|  0%| F|  |TAMS 0x0000000083100000, 0x0000000083100000| Untracked 
|  28|0x0000000083200000, 0x0000000083200000, 0x0000000083300000|  0%| F|  |TAMS 0x0000000083200000, 0x0000000083200000| Untracked 
|  29|0x0000000083300000, 0x0000000083300000, 0x0000000083400000|  0%| F|  |TAMS 0x0000000083300000, 0x0000000083300000| Untracked 
|  30|0x0000000083400000, 0x0000000083400000, 0x0000000083500000|  0%| F|  |TAMS 0x0000000083400000, 0x0000000083400000| Untracked 
|  31|0x0000000083500000, 0x0000000083500000, 0x0000000083600000|  0%| F|  |TAMS 0x0000000083500000, 0x0000000083500000| Untracked 
|  32|0x0000000083600000, 0x0000000083600000, 0x0000000083700000|  0%| F|  |TAMS 0x0000000083600000, 0x0000000083600000| Untracked 
|  33|0x0000000083700000, 0x0000000083700000, 0x0000000083800000|  0%| F|  |TAMS 0x0000000083700000, 0x0000000083700000| Untracked 
|  34|0x0000000083800000, 0x0000000083800000, 0x0000000083900000|  0%| F|  |TAMS 0x0000000083800000, 0x0000000083800000| Untracked 
|  35|0x0000000083900000, 0x0000000083900000, 0x0000000083a00000|  0%| F|  |TAMS 0x0000000083900000, 0x0000000083900000| Untracked 
|  36|0x0000000083a00000, 0x0000000083a00000, 0x0000000083b00000|  0%| F|  |TAMS 0x0000000083a00000, 0x0000000083a00000| Untracked 
|  37|0x0000000083b00000, 0x0000000083b00000, 0x0000000083c00000|  0%| F|  |TAMS 0x0000000083b00000, 0x0000000083b00000| Untracked 
|  38|0x0000000083c00000, 0x0000000083c00000, 0x0000000083d00000|  0%| F|  |TAMS 0x0000000083c00000, 0x0000000083c00000| Untracked 
|  39|0x0000000083d00000, 0x0000000083d00000, 0x0000000083e00000|  0%| F|  |TAMS 0x0000000083d00000, 0x0000000083d00000| Untracked 
|  40|0x0000000083e00000, 0x0000000083e00000, 0x0000000083f00000|  0%| F|  |TAMS 0x0000000083e00000, 0x0000000083e00000| Untracked 
|  41|0x0000000083f00000, 0x0000000083f00000, 0x0000000084000000|  0%| F|  |TAMS 0x0000000083f00000, 0x0000000083f00000| Untracked 
|  42|0x0000000084000000, 0x0000000084000000, 0x0000000084100000|  0%| F|  |TAMS 0x0000000084000000, 0x0000000084000000| Untracked 
|  43|0x0000000084100000, 0x0000000084100000, 0x0000000084200000|  0%| F|  |TAMS 0x0000000084100000, 0x0000000084100000| Untracked 
|  44|0x0000000084200000, 0x0000000084200000, 0x0000000084300000|  0%| F|  |TAMS 0x0000000084200000, 0x0000000084200000| Untracked 
|  45|0x0000000084300000, 0x0000000084300000, 0x0000000084400000|  0%| F|  |TAMS 0x0000000084300000, 0x0000000084300000| Untracked 
|  46|0x0000000084400000, 0x0000000084400000, 0x0000000084500000|  0%| F|  |TAMS 0x0000000084400000, 0x0000000084400000| Untracked 
|  47|0x0000000084500000, 0x0000000084500000, 0x0000000084600000|  0%| F|  |TAMS 0x0000000084500000, 0x0000000084500000| Untracked 
|  48|0x0000000084600000, 0x0000000084600000, 0x0000000084700000|  0%| F|  |TAMS 0x0000000084600000, 0x0000000084600000| Untracked 
|  49|0x0000000084700000, 0x0000000084700000, 0x0000000084800000|  0%| F|  |TAMS 0x0000000084700000, 0x0000000084700000| Untracked 
|  50|0x0000000084800000, 0x0000000084800000, 0x0000000084900000|  0%| F|  |TAMS 0x0000000084800000, 0x0000000084800000| Untracked 
|  51|0x0000000084900000, 0x0000000084900000, 0x0000000084a00000|  0%| F|  |TAMS 0x0000000084900000, 0x0000000084900000| Untracked 
|  52|0x0000000084a00000, 0x0000000084a00000, 0x0000000084b00000|  0%| F|  |TAMS 0x0000000084a00000, 0x0000000084a00000| Untracked 
|  53|0x0000000084b00000, 0x0000000084b00000, 0x0000000084c00000|  0%| F|  |TAMS 0x0000000084b00000, 0x0000000084b00000| Untracked 
|  54|0x0000000084c00000, 0x0000000084c00000, 0x0000000084d00000|  0%| F|  |TAMS 0x0000000084c00000, 0x0000000084c00000| Untracked 
|  55|0x0000000084d00000, 0x0000000084d00000, 0x0000000084e00000|  0%| F|  |TAMS 0x0000000084d00000, 0x0000000084d00000| Untracked 
|  56|0x0000000084e00000, 0x0000000084e00000, 0x0000000084f00000|  0%| F|  |TAMS 0x0000000084e00000, 0x0000000084e00000| Untracked 
|  57|0x0000000084f00000, 0x0000000084f00000, 0x0000000085000000|  0%| F|  |TAMS 0x0000000084f00000, 0x0000000084f00000| Untracked 
|  58|0x0000000085000000, 0x0000000085000000, 0x0000000085100000|  0%| F|  |TAMS 0x0000000085000000, 0x0000000085000000| Untracked 
|  59|0x0000000085100000, 0x0000000085100000, 0x0000000085200000|  0%| F|  |TAMS 0x0000000085100000, 0x0000000085100000| Untracked 
|  60|0x0000000085200000, 0x0000000085200000, 0x0000000085300000|  0%| F|  |TAMS 0x0000000085200000, 0x0000000085200000| Untracked 
|  61|0x0000000085300000, 0x0000000085300000, 0x0000000085400000|  0%| F|  |TAMS 0x0000000085300000, 0x0000000085300000| Untracked 
|  62|0x0000000085400000, 0x0000000085400000, 0x0000000085500000|  0%| F|  |TAMS 0x0000000085400000, 0x0000000085400000| Untracked 
|  63|0x0000000085500000, 0x0000000085500000, 0x0000000085600000|  0%| F|  |TAMS 0x0000000085500000, 0x0000000085500000| Untracked 
|  64|0x0000000085600000, 0x0000000085600000, 0x0000000085700000|  0%| F|  |TAMS 0x0000000085600000, 0x0000000085600000| Untracked 
|  65|0x0000000085700000, 0x0000000085700000, 0x0000000085800000|  0%| F|  |TAMS 0x0000000085700000, 0x0000000085700000| Untracked 
|  66|0x0000000085800000, 0x0000000085800000, 0x0000000085900000|  0%| F|  |TAMS 0x0000000085800000, 0x0000000085800000| Untracked 
|  67|0x0000000085900000, 0x0000000085900000, 0x0000000085a00000|  0%| F|  |TAMS 0x0000000085900000, 0x0000000085900000| Untracked 
|  68|0x0000000085a00000, 0x0000000085a00000, 0x0000000085b00000|  0%| F|  |TAMS 0x0000000085a00000, 0x0000000085a00000| Untracked 
|  69|0x0000000085b00000, 0x0000000085b00000, 0x0000000085c00000|  0%| F|  |TAMS 0x0000000085b00000, 0x0000000085b00000| Untracked 
|  70|0x0000000085c00000, 0x0000000085c00000, 0x0000000085d00000|  0%| F|  |TAMS 0x0000000085c00000, 0x0000000085c00000| Untracked 
|  71|0x0000000085d00000, 0x0000000085d00000, 0x0000000085e00000|  0%| F|  |TAMS 0x0000000085d00000, 0x0000000085d00000| Untracked 
|  72|0x0000000085e00000, 0x0000000085e00000, 0x0000000085f00000|  0%| F|  |TAMS 0x0000000085e00000, 0x0000000085e00000| Untracked 
|  73|0x0000000085f00000, 0x0000000085f00000, 0x0000000086000000|  0%| F|  |TAMS 0x0000000085f00000, 0x0000000085f00000| Untracked 
|  74|0x0000000086000000, 0x0000000086000000, 0x0000000086100000|  0%| F|  |TAMS 0x0000000086000000, 0x0000000086000000| Untracked 
|  75|0x0000000086100000, 0x0000000086100000, 0x0000000086200000|  0%| F|  |TAMS 0x0000000086100000, 0x0000000086100000| Untracked 
|  76|0x0000000086200000, 0x0000000086200000, 0x0000000086300000|  0%| F|  |TAMS 0x0000000086200000, 0x0000000086200000| Untracked 
|  77|0x0000000086300000, 0x0000000086300000, 0x0000000086400000|  0%| F|  |TAMS 0x0000000086300000, 0x0000000086300000| Untracked 
|  78|0x0000000086400000, 0x0000000086400000, 0x0000000086500000|  0%| F|  |TAMS 0x0000000086400000, 0x0000000086400000| Untracked 
|  79|0x0000000086500000, 0x0000000086500000, 0x0000000086600000|  0%| F|  |TAMS 0x0000000086500000, 0x0000000086500000| Untracked 
|  80|0x0000000086600000, 0x0000000086600000, 0x0000000086700000|  0%| F|  |TAMS 0x0000000086600000, 0x0000000086600000| Untracked 
|  81|0x0000000086700000, 0x0000000086700000, 0x0000000086800000|  0%| F|  |TAMS 0x0000000086700000, 0x0000000086700000| Untracked 
|  82|0x0000000086800000, 0x0000000086800000, 0x0000000086900000|  0%| F|  |TAMS 0x0000000086800000, 0x0000000086800000| Untracked 
|  83|0x0000000086900000, 0x0000000086900000, 0x0000000086a00000|  0%| F|  |TAMS 0x0000000086900000, 0x0000000086900000| Untracked 
|  84|0x0000000086a00000, 0x0000000086a00000, 0x0000000086b00000|  0%| F|  |TAMS 0x0000000086a00000, 0x0000000086a00000| Untracked 
|  85|0x0000000086b00000, 0x0000000086b00000, 0x0000000086c00000|  0%| F|  |TAMS 0x0000000086b00000, 0x0000000086b00000| Untracked 
|  86|0x0000000086c00000, 0x0000000086c00000, 0x0000000086d00000|  0%| F|  |TAMS 0x0000000086c00000, 0x0000000086c00000| Untracked 
|  87|0x0000000086d00000, 0x0000000086d00000, 0x0000000086e00000|  0%| F|  |TAMS 0x0000000086d00000, 0x0000000086d00000| Untracked 
|  88|0x0000000086e00000, 0x0000000086e00000, 0x0000000086f00000|  0%| F|  |TAMS 0x0000000086e00000, 0x0000000086e00000| Untracked 
|  89|0x0000000086f00000, 0x0000000086f00000, 0x0000000087000000|  0%| F|  |TAMS 0x0000000086f00000, 0x0000000086f00000| Untracked 
|  90|0x0000000087000000, 0x0000000087000000, 0x0000000087100000|  0%| F|  |TAMS 0x0000000087000000, 0x0000000087000000| Untracked 
|  91|0x0000000087100000, 0x0000000087100000, 0x0000000087200000|  0%| F|  |TAMS 0x0000000087100000, 0x0000000087100000| Untracked 
|  92|0x0000000087200000, 0x0000000087200000, 0x0000000087300000|  0%| F|  |TAMS 0x0000000087200000, 0x0000000087200000| Untracked 
|  93|0x0000000087300000, 0x0000000087300000, 0x0000000087400000|  0%| F|  |TAMS 0x0000000087300000, 0x0000000087300000| Untracked 
|  94|0x0000000087400000, 0x0000000087400000, 0x0000000087500000|  0%| F|  |TAMS 0x0000000087400000, 0x0000000087400000| Untracked 
|  95|0x0000000087500000, 0x0000000087500000, 0x0000000087600000|  0%| F|  |TAMS 0x0000000087500000, 0x0000000087500000| Untracked 
|  96|0x0000000087600000, 0x0000000087600000, 0x0000000087700000|  0%| F|  |TAMS 0x0000000087600000, 0x0000000087600000| Untracked 
|  97|0x0000000087700000, 0x0000000087700000, 0x0000000087800000|  0%| F|  |TAMS 0x0000000087700000, 0x0000000087700000| Untracked 
|  98|0x0000000087800000, 0x0000000087800000, 0x0000000087900000|  0%| F|  |TAMS 0x0000000087800000, 0x0000000087800000| Untracked 
|  99|0x0000000087900000, 0x0000000087900000, 0x0000000087a00000|  0%| F|  |TAMS 0x0000000087900000, 0x0000000087900000| Untracked 
| 100|0x0000000087a00000, 0x0000000087a00000, 0x0000000087b00000|  0%| F|  |TAMS 0x0000000087a00000, 0x0000000087a00000| Untracked 
| 101|0x0000000087b00000, 0x0000000087b00000, 0x0000000087c00000|  0%| F|  |TAMS 0x0000000087b00000, 0x0000000087b00000| Untracked 
| 102|0x0000000087c00000, 0x0000000087c00000, 0x0000000087d00000|  0%| F|  |TAMS 0x0000000087c00000, 0x0000000087c00000| Untracked 
| 103|0x0000000087d00000, 0x0000000087d00000, 0x0000000087e00000|  0%| F|  |TAMS 0x0000000087d00000, 0x0000000087d00000| Untracked 
| 104|0x0000000087e00000, 0x0000000087e00000, 0x0000000087f00000|  0%| F|  |TAMS 0x0000000087e00000, 0x0000000087e00000| Untracked 
| 105|0x0000000087f00000, 0x0000000087f00000, 0x0000000088000000|  0%| F|  |TAMS 0x0000000087f00000, 0x0000000087f00000| Untracked 
| 106|0x0000000088000000, 0x0000000088000000, 0x0000000088100000|  0%| F|  |TAMS 0x0000000088000000, 0x0000000088000000| Untracked 
| 107|0x0000000088100000, 0x0000000088100000, 0x0000000088200000|  0%| F|  |TAMS 0x0000000088100000, 0x0000000088100000| Untracked 
| 108|0x0000000088200000, 0x0000000088200000, 0x0000000088300000|  0%| F|  |TAMS 0x0000000088200000, 0x0000000088200000| Untracked 
| 109|0x0000000088300000, 0x0000000088300000, 0x0000000088400000|  0%| F|  |TAMS 0x0000000088300000, 0x0000000088300000| Untracked 
| 110|0x0000000088400000, 0x0000000088400000, 0x0000000088500000|  0%| F|  |TAMS 0x0000000088400000, 0x0000000088400000| Untracked 
| 111|0x0000000088500000, 0x0000000088500000, 0x0000000088600000|  0%| F|  |TAMS 0x0000000088500000, 0x0000000088500000| Untracked 
| 112|0x0000000088600000, 0x0000000088600000, 0x0000000088700000|  0%| F|  |TAMS 0x0000000088600000, 0x0000000088600000| Untracked 
| 113|0x0000000088700000, 0x0000000088700000, 0x0000000088800000|  0%| F|  |TAMS 0x0000000088700000, 0x0000000088700000| Untracked 
| 114|0x0000000088800000, 0x0000000088800000, 0x0000000088900000|  0%| F|  |TAMS 0x0000000088800000, 0x0000000088800000| Untracked 
| 115|0x0000000088900000, 0x0000000088900000, 0x0000000088a00000|  0%| F|  |TAMS 0x0000000088900000, 0x0000000088900000| Untracked 
| 116|0x0000000088a00000, 0x0000000088a00000, 0x0000000088b00000|  0%| F|  |TAMS 0x0000000088a00000, 0x0000000088a00000| Untracked 
| 117|0x0000000088b00000, 0x0000000088b00000, 0x0000000088c00000|  0%| F|  |TAMS 0x0000000088b00000, 0x0000000088b00000| Untracked 
| 118|0x0000000088c00000, 0x0000000088c00000, 0x0000000088d00000|  0%| F|  |TAMS 0x0000000088c00000, 0x0000000088c00000| Untracked 
| 119|0x0000000088d00000, 0x0000000088d00000, 0x0000000088e00000|  0%| F|  |TAMS 0x0000000088d00000, 0x0000000088d00000| Untracked 
| 120|0x0000000088e00000, 0x0000000088e00000, 0x0000000088f00000|  0%| F|  |TAMS 0x0000000088e00000, 0x0000000088e00000| Untracked 
| 121|0x0000000088f00000, 0x0000000088f00000, 0x0000000089000000|  0%| F|  |TAMS 0x0000000088f00000, 0x0000000088f00000| Untracked 
| 122|0x0000000089000000, 0x0000000089000000, 0x0000000089100000|  0%| F|  |TAMS 0x0000000089000000, 0x0000000089000000| Untracked 
| 123|0x0000000089100000, 0x0000000089100000, 0x0000000089200000|  0%| F|  |TAMS 0x0000000089100000, 0x0000000089100000| Untracked 
| 124|0x0000000089200000, 0x0000000089200000, 0x0000000089300000|  0%| F|  |TAMS 0x0000000089200000, 0x0000000089200000| Untracked 
| 125|0x0000000089300000, 0x000000008937b7a0, 0x0000000089400000| 48%| E|  |TAMS 0x0000000089300000, 0x0000000089300000| Complete 
| 126|0x0000000089400000, 0x0000000089500000, 0x0000000089500000|100%| E|CS|TAMS 0x0000000089400000, 0x0000000089400000| Complete 
| 127|0x0000000089500000, 0x0000000089600000, 0x0000000089600000|100%| E|CS|TAMS 0x0000000089500000, 0x0000000089500000| Complete 

Card table byte_map: [0x00000268f8fe0000,0x00000268f93e0000] _byte_map_base: 0x00000268f8bd5000

Marking Bits (Prev, Next): (CMBitMap*) 0x00000268e6577540, (CMBitMap*) 0x00000268e6577580
 Prev Bits: [0x00000268f97e0000, 0x00000268fb788000)
 Next Bits: [0x00000268fb790000, 0x00000268fd738000)

Polling page: 0x00000268e4520000

Metaspace:

Usage:
  Non-class:      7.78 MB used.
      Class:    793.30 KB used.
       Both:      8.56 MB used.

Virtual space:
  Non-class space:        8.00 MB reserved,       7.81 MB ( 98%) committed,  1 nodes.
      Class space:        1.00 GB reserved,     896.00 KB ( <1%) committed,  1 nodes.
             Both:        1.01 GB reserved,       8.69 MB ( <1%) committed. 

Chunk freelists:
   Non-Class:  77.00 KB
       Class:  3.09 MB
        Both:  3.17 MB

MaxMetaspaceSize: unlimited
CompressedClassSpaceSize: 1.00 GB
Initial GC threshold: 21.00 MB
Current GC threshold: 21.00 MB
CDS: off
MetaspaceReclaimPolicy: balanced
 - commit_granule_bytes: 65536.
 - commit_granule_words: 8192.
 - virtual_space_node_default_size: 1048576.
 - enlarge_chunks_in_place: 1.
 - new_chunks_are_fully_committed: 0.
 - uncommit_free_chunks: 1.
 - use_allocation_guard: 0.
 - handle_deallocations: 1.


Internal statistics:

num_allocs_failed_limit: 0.
num_arena_births: 60.
num_arena_deaths: 0.
num_vsnodes_births: 2.
num_vsnodes_deaths: 0.
num_space_committed: 139.
num_space_uncommitted: 0.
num_chunks_returned_to_freelist: 0.
num_chunks_taken_from_freelist: 89.
num_chunk_merges: 0.
num_chunk_splits: 50.
num_chunks_enlarged: 23.
num_purges: 0.
num_inconsistent_stats: 0.

CodeHeap 'non-profiled nmethods': size=120064Kb used=110Kb max_used=110Kb free=119953Kb
 bounds [0x00000268f16a0000, 0x00000268f1910000, 0x00000268f8be0000]
CodeHeap 'profiled nmethods': size=120000Kb used=494Kb max_used=494Kb free=119506Kb
 bounds [0x00000268ea170000, 0x00000268ea3e0000, 0x00000268f16a0000]
CodeHeap 'non-nmethods': size=5696Kb used=1146Kb max_used=1146Kb free=4549Kb
 bounds [0x00000268e9be0000, 0x00000268e9e50000, 0x00000268ea170000]
 total_blobs=789 nmethods=352 adapters=351
 compilation: enabled
              stopped_count=0, restarted_count=0
 full_count=0

Compilation events (20 events):
Event: 1.366 Thread 0x00000268ff956130  335       3       java.util.ImmutableCollections$List12::get (35 bytes)
Event: 1.367 Thread 0x00000268ff956130 nmethod 335 0x00000268ea1e0690 code [0x00000268ea1e0840, 0x00000268ea1e0ae8]
Event: 1.370 Thread 0x00000268ff956130  337   !   3       java.lang.invoke.MemberName::getFieldType (176 bytes)
Event: 1.374 Thread 0x00000268ff956130 nmethod 337 0x00000268ea1e0b90 code [0x00000268ea1e0ec0, 0x00000268ea1e23d8]
Event: 1.374 Thread 0x00000268ff956130  340       3       sun.invoke.util.Wrapper::findPrimitiveType (25 bytes)
Event: 1.376 Thread 0x00000268ff956130 nmethod 340 0x00000268ea1e2a90 code [0x00000268ea1e2d00, 0x00000268ea1e3828]
Event: 1.376 Thread 0x00000268ff956130  343       3       sun.invoke.util.Wrapper::forPrimitiveType (49 bytes)
Event: 1.381 Thread 0x00000268ff956130 nmethod 343 0x00000268ea1e3c90 code [0x00000268ea1e4000, 0x00000268ea1e5388]
Event: 1.381 Thread 0x00000268ff956130  348       3       jdk.internal.org.objectweb.asm.SymbolTable::addConstantMemberReference (147 bytes)
Event: 1.383 Thread 0x00000268ff956130 nmethod 348 0x00000268ea1e5b10 code [0x00000268ea1e5d80, 0x00000268ea1e6648]
Event: 1.383 Thread 0x00000268ff956130  346       3       java.lang.invoke.InvokerBytecodeGenerator::loadInsnOpcode (98 bytes)
Event: 1.386 Thread 0x00000268ff956130 nmethod 346 0x00000268ea1e6b90 code [0x00000268ea1e6e00, 0x00000268ea1e77f8]
Event: 1.386 Thread 0x00000268ff956130  338       3       jdk.internal.org.objectweb.asm.Frame::pop (44 bytes)
Event: 1.386 Thread 0x00000268ff956130 nmethod 338 0x00000268ea1e7b10 code [0x00000268ea1e7ca0, 0x00000268ea1e7e38]
Event: 1.386 Thread 0x00000268ff956130  349       3       jdk.internal.org.objectweb.asm.SymbolTable::hash (20 bytes)
Event: 1.387 Thread 0x00000268ff956130 nmethod 349 0x00000268ea1e7f10 code [0x00000268ea1e80c0, 0x00000268ea1e8288]
Event: 1.387 Thread 0x00000268ff956130  347       3       java.lang.invoke.InvokerBytecodeGenerator::emitImplicitConversion (161 bytes)
Event: 1.391 Thread 0x00000268ff956130 nmethod 347 0x00000268ea1e8410 code [0x00000268ea1e8720, 0x00000268ea1e9598]
Event: 1.436 Thread 0x00000268ff956130  352       3       sun.invoke.util.VerifyAccess::isSamePackage (37 bytes)
Event: 1.439 Thread 0x00000268ff956130 nmethod 352 0x00000268ea1e9a90 code [0x00000268ea1e9da0, 0x00000268ea1eb1f8]

GC Heap History (0 events):
No events

Dll operation events (5 events):
Event: 0.066 Loaded shared library C:\Users\josip\.p2\pool\plugins\org.eclipse.justj.openjdk.hotspot.jre.full.win32.x86_64_17.0.5.v20221102-0933\jre\bin\java.dll
Event: 0.684 Loaded shared library C:\Users\josip\.p2\pool\plugins\org.eclipse.justj.openjdk.hotspot.jre.full.win32.x86_64_17.0.5.v20221102-0933\jre\bin\net.dll
Event: 0.697 Loaded shared library C:\Users\josip\.p2\pool\plugins\org.eclipse.justj.openjdk.hotspot.jre.full.win32.x86_64_17.0.5.v20221102-0933\jre\bin\nio.dll
Event: 1.037 Loaded shared library C:\Users\josip\.p2\pool\plugins\org.eclipse.justj.openjdk.hotspot.jre.full.win32.x86_64_17.0.5.v20221102-0933\jre\bin\jimage.dll
Event: 1.124 Loaded shared library C:\Users\josip\.p2\pool\plugins\org.eclipse.justj.openjdk.hotspot.jre.full.win32.x86_64_17.0.5.v20221102-0933\jre\bin\awt.dll

Deoptimization events (4 events):
Event: 0.947 Thread 0x00000268e651cc20 Uncommon trap: trap_request=0xffffff45 fr.pc=0x00000268f16a81f4 relative=0x0000000000000074
Event: 0.947 Thread 0x00000268e651cc20 Uncommon trap: reason=unstable_if action=reinterpret pc=0x00000268f16a81f4 method=java.lang.String.isLatin1()Z @ 10 c2
Event: 0.947 Thread 0x00000268e651cc20 DEOPT PACKING pc=0x00000268f16a81f4 sp=0x000000a788cfecc0
Event: 0.947 Thread 0x00000268e651cc20 DEOPT UNPACKING pc=0x00000268e9c3239d sp=0x000000a788cfec00 mode 2

Classes unloaded (0 events):
No events

Classes redefined (0 events):
No events

Internal exceptions (5 events):
Event: 0.761 Thread 0x00000268e651cc20 Exception <a 'java/lang/NoSuchMethodError'{0x00000000895ee388}: 'void java.lang.invoke.DirectMethodHandle$Holder.invokeVirtual(java.lang.Object, java.lang.Object)'> (0x00000000895ee388) 
thrown [s\src\hotspot\share\interpreter\linkResolver.cpp, line 759]
Event: 1.050 Thread 0x00000268e651cc20 Exception <a 'sun/nio/fs/WindowsException'{0x00000000894a2de0}> (0x00000000894a2de0) 
thrown [s\src\hotspot\share\prims\jni.cpp, line 516]
Event: 1.076 Thread 0x00000268e651cc20 Exception <a 'java/lang/ClassNotFoundException'{0x00000000894a9190}: sun/awt/resources/spi/awtProvider> (0x00000000894a9190) 
thrown [s\src\hotspot\share\classfile\systemDictionary.cpp, line 256]
Event: 1.219 Thread 0x00000268e651cc20 Exception <a 'java/io/FileNotFoundException'{0x00000000894fdd28}> (0x00000000894fdd28) 
thrown [s\src\hotspot\share\prims\jni.cpp, line 516]
Event: 1.279 Thread 0x00000268e651cc20 Exception <a 'java/io/FileNotFoundException'{0x000000008932b708}> (0x000000008932b708) 
thrown [s\src\hotspot\share\prims\jni.cpp, line 516]

VM Operations (2 events):
Event: 0.866 Executing VM operation: HandshakeAllThreads
Event: 0.867 Executing VM operation: HandshakeAllThreads done

Events (20 events):
Event: 1.432 loading class sun/java2d/ReentrantContextProviderTL$1 done
Event: 1.432 loading class java/util/concurrent/ConcurrentLinkedQueue
Event: 1.433 loading class java/util/AbstractQueue
Event: 1.433 loading class java/util/AbstractQueue done
Event: 1.433 loading class java/util/concurrent/ConcurrentLinkedQueue done
Event: 1.433 loading class java/util/concurrent/ConcurrentLinkedQueue$Node
Event: 1.434 loading class java/util/concurrent/ConcurrentLinkedQueue$Node done
Event: 1.434 loading class java/lang/invoke/VarHandleReferences$FieldInstanceReadWrite
Event: 1.434 loading class java/lang/invoke/VarHandleReferences$FieldInstanceReadOnly
Event: 1.435 loading class java/lang/invoke/VarHandleReferences$FieldInstanceReadOnly done
Event: 1.435 loading class java/lang/invoke/VarHandleReferences$FieldInstanceReadWrite done
Event: 1.436 loading class sun/java2d/pipe/OutlineTextRenderer
Event: 1.437 loading class sun/java2d/pipe/OutlineTextRenderer done
Event: 1.437 loading class sun/java2d/pipe/AATextRenderer
Event: 1.437 loading class sun/java2d/pipe/GlyphListLoopPipe
Event: 1.437 loading class sun/java2d/pipe/GlyphListPipe
Event: 1.437 loading class sun/java2d/pipe/GlyphListPipe done
Event: 1.437 loading class sun/java2d/pipe/GlyphListLoopPipe done
Event: 1.437 loading class sun/java2d/pipe/AATextRenderer done
Event: 1.438 loading class sun/font/FontUtilities


Dynamic libraries:
0x00007ff742b90000 - 0x00007ff742b9e000 	C:\Users\josip\.p2\pool\plugins\org.eclipse.justj.openjdk.hotspot.jre.full.win32.x86_64_17.0.5.v20221102-0933\jre\bin\javaw.exe
0x00007ffa5c910000 - 0x00007ffa5cb08000 	C:\WINDOWS\SYSTEM32\ntdll.dll
0x00007ffa5b010000 - 0x00007ffa5b0cf000 	C:\WINDOWS\System32\KERNEL32.DLL
0x00007ffa5a200000 - 0x00007ffa5a4d2000 	C:\WINDOWS\System32\KERNELBASE.dll
0x00007ffa5a4e0000 - 0x00007ffa5a5e0000 	C:\WINDOWS\System32\ucrtbase.dll
0x00007ffa52830000 - 0x00007ffa52847000 	C:\Users\josip\.p2\pool\plugins\org.eclipse.justj.openjdk.hotspot.jre.full.win32.x86_64_17.0.5.v20221102-0933\jre\bin\jli.dll
0x00007ffa5b370000 - 0x00007ffa5b511000 	C:\WINDOWS\System32\USER32.dll
0x00007ffa5a1d0000 - 0x00007ffa5a1f2000 	C:\WINDOWS\System32\win32u.dll
0x00007ffa5b5b0000 - 0x00007ffa5b5db000 	C:\WINDOWS\System32\GDI32.dll
0x00007ffa5a0c0000 - 0x00007ffa5a1cf000 	C:\WINDOWS\System32\gdi32full.dll
0x00007ffa5a5e0000 - 0x00007ffa5a67d000 	C:\WINDOWS\System32\msvcp_win.dll
0x00007ffa52810000 - 0x00007ffa52829000 	C:\Users\josip\.p2\pool\plugins\org.eclipse.justj.openjdk.hotspot.jre.full.win32.x86_64_17.0.5.v20221102-0933\jre\bin\VCRUNTIME140.dll
0x00007ffa4a280000 - 0x00007ffa4a51a000 	C:\WINDOWS\WinSxS\amd64_microsoft.windows.common-controls_6595b64144ccf1df_6.0.19041.1110_none_60b5254171f9507e\COMCTL32.dll
0x00007ffa5b280000 - 0x00007ffa5b31e000 	C:\WINDOWS\System32\msvcrt.dll
0x00007ffa5b330000 - 0x00007ffa5b362000 	C:\WINDOWS\System32\IMM32.DLL
0x00007ffa51250000 - 0x00007ffa5125c000 	C:\Users\josip\.p2\pool\plugins\org.eclipse.justj.openjdk.hotspot.jre.full.win32.x86_64_17.0.5.v20221102-0933\jre\bin\vcruntime140_1.dll
0x00007ffa4f240000 - 0x00007ffa4f2d1000 	C:\Users\josip\.p2\pool\plugins\org.eclipse.justj.openjdk.hotspot.jre.full.win32.x86_64_17.0.5.v20221102-0933\jre\bin\msvcp140.dll
0x00007ffa214c0000 - 0x00007ffa22104000 	C:\Users\josip\.p2\pool\plugins\org.eclipse.justj.openjdk.hotspot.jre.full.win32.x86_64_17.0.5.v20221102-0933\jre\bin\server\jvm.dll
0x00007ffa5c820000 - 0x00007ffa5c8ce000 	C:\WINDOWS\System32\ADVAPI32.dll
0x00007ffa5bcf0000 - 0x00007ffa5bd8c000 	C:\WINDOWS\System32\sechost.dll
0x00007ffa5bd90000 - 0x00007ffa5beb5000 	C:\WINDOWS\System32\RPCRT4.dll
0x00007ffa586f0000 - 0x00007ffa586f9000 	C:\WINDOWS\SYSTEM32\WSOCK32.dll
0x00007ffa5bc60000 - 0x00007ffa5bccb000 	C:\WINDOWS\System32\WS2_32.dll
0x00007ffa41e50000 - 0x00007ffa41e77000 	C:\WINDOWS\SYSTEM32\WINMM.dll
0x00007ffa44da0000 - 0x00007ffa44daa000 	C:\WINDOWS\SYSTEM32\VERSION.dll
0x00007ffa58860000 - 0x00007ffa58872000 	C:\WINDOWS\SYSTEM32\kernel.appcore.dll
0x00007ffa50580000 - 0x00007ffa5058a000 	C:\Users\josip\.p2\pool\plugins\org.eclipse.justj.openjdk.hotspot.jre.full.win32.x86_64_17.0.5.v20221102-0933\jre\bin\jimage.dll
0x00007ffa584e0000 - 0x00007ffa586c4000 	C:\WINDOWS\SYSTEM32\DBGHELP.DLL
0x00007ffa41e00000 - 0x00007ffa41e35000 	C:\WINDOWS\SYSTEM32\dbgcore.DLL
0x00007ffa5a810000 - 0x00007ffa5a892000 	C:\WINDOWS\System32\bcryptPrimitives.dll
0x00007ffa4f6b0000 - 0x00007ffa4f6d5000 	C:\Users\josip\.p2\pool\plugins\org.eclipse.justj.openjdk.hotspot.jre.full.win32.x86_64_17.0.5.v20221102-0933\jre\bin\java.dll
0x00007ffa504a0000 - 0x00007ffa504b8000 	C:\Users\josip\.p2\pool\plugins\org.eclipse.justj.openjdk.hotspot.jre.full.win32.x86_64_17.0.5.v20221102-0933\jre\bin\zip.dll
0x00007ffa5c0c0000 - 0x00007ffa5c805000 	C:\WINDOWS\System32\SHELL32.dll
0x00007ffa57c80000 - 0x00007ffa58412000 	C:\WINDOWS\SYSTEM32\windows.storage.dll
0x00007ffa5b710000 - 0x00007ffa5ba65000 	C:\WINDOWS\System32\combase.dll
0x00007ffa59980000 - 0x00007ffa599b0000 	C:\WINDOWS\SYSTEM32\Wldp.dll
0x00007ffa5af00000 - 0x00007ffa5afad000 	C:\WINDOWS\System32\SHCORE.dll
0x00007ffa5c060000 - 0x00007ffa5c0b5000 	C:\WINDOWS\System32\shlwapi.dll
0x00007ffa59f40000 - 0x00007ffa59f5f000 	C:\WINDOWS\SYSTEM32\profapi.dll
0x00007ffa4f300000 - 0x00007ffa4f319000 	C:\Users\josip\.p2\pool\plugins\org.eclipse.justj.openjdk.hotspot.jre.full.win32.x86_64_17.0.5.v20221102-0933\jre\bin\net.dll
0x00007ffa4bb10000 - 0x00007ffa4bc1c000 	C:\WINDOWS\SYSTEM32\WINHTTP.dll
0x00007ffa596e0000 - 0x00007ffa5974a000 	C:\WINDOWS\system32\mswsock.dll
0x00007ffa4f2e0000 - 0x00007ffa4f2f5000 	C:\Users\josip\.p2\pool\plugins\org.eclipse.justj.openjdk.hotspot.jre.full.win32.x86_64_17.0.5.v20221102-0933\jre\bin\nio.dll
0x00007ffa3a930000 - 0x00007ffa3aabe000 	C:\Users\josip\.p2\pool\plugins\org.eclipse.justj.openjdk.hotspot.jre.full.win32.x86_64_17.0.5.v20221102-0933\jre\bin\awt.dll
0x00007ffa5bb90000 - 0x00007ffa5bc5d000 	C:\WINDOWS\System32\OLEAUT32.dll
0x00007ffa57410000 - 0x00007ffa574a0000 	C:\WINDOWS\SYSTEM32\apphelp.dll

dbghelp: loaded successfully - version: 4.0.5 - missing functions: none
symbol engine: initialized successfully - sym options: 0x614 - pdb path: .;C:\Users\josip\.p2\pool\plugins\org.eclipse.justj.openjdk.hotspot.jre.full.win32.x86_64_17.0.5.v20221102-0933\jre\bin;C:\WINDOWS\SYSTEM32;C:\WINDOWS\WinSxS\amd64_microsoft.windows.common-controls_6595b64144ccf1df_6.0.19041.1110_none_60b5254171f9507e;C:\Users\josip\.p2\pool\plugins\org.eclipse.justj.openjdk.hotspot.jre.full.win32.x86_64_17.0.5.v20221102-0933\jre\bin\server

VM Arguments:
jvm_args: -Dfile.encoding=UTF-8 --module-path=C:\Users\josip\eclipse-workspace\Memory\bin -XX:+ShowCodeDetailsInExceptionMessages -Djdk.module.main=Memory 
java_command: Memory/memory_game.Memory
java_class_path (initial): <not set>
Launcher Type: SUN_STANDARD

[Global flags]
     intx CICompilerCount                          = 2                                         {product} {ergonomic}
     uint ConcGCThreads                            = 1                                         {product} {ergonomic}
     uint G1ConcRefinementThreads                  = 2                                         {product} {ergonomic}
   size_t G1HeapRegionSize                         = 1048576                                   {product} {ergonomic}
    uintx GCDrainStackTargetSize                   = 64                                        {product} {ergonomic}
   size_t InitialHeapSize                          = 134217728                                 {product} {ergonomic}
   size_t MarkStackSize                            = 4194304                                   {product} {ergonomic}
   size_t MaxHeapSize                              = 2124414976                                {product} {ergonomic}
   size_t MaxNewSize                               = 1274019840                                {product} {ergonomic}
   size_t MinHeapDeltaBytes                        = 1048576                                   {product} {ergonomic}
   size_t MinHeapSize                              = 8388608                                   {product} {ergonomic}
    uintx NonNMethodCodeHeapSize                   = 5826188                                {pd product} {ergonomic}
    uintx NonProfiledCodeHeapSize                  = 122916026                              {pd product} {ergonomic}
    uintx ProfiledCodeHeapSize                     = 122916026                              {pd product} {ergonomic}
    uintx ReservedCodeCacheSize                    = 251658240                              {pd product} {ergonomic}
     bool SegmentedCodeCache                       = true                                      {product} {ergonomic}
     bool ShowCodeDetailsInExceptionMessages       = true                                   {manageable} {command line}
   size_t SoftMaxHeapSize                          = 2124414976                             {manageable} {ergonomic}
     bool UseCompressedClassPointers               = true                           {product lp64_product} {ergonomic}
     bool UseCompressedOops                        = true                           {product lp64_product} {ergonomic}
     bool UseG1GC                                  = true                                      {product} {ergonomic}
     bool UseLargePagesIndividualAllocation        = false                                  {pd product} {ergonomic}

Logging:
Log output configuration:
 #0: stdout all=warning uptime,level,tags
 #1: stderr all=off uptime,level,tags

Environment Variables:
PATH=C:/Users/josip/.p2/pool/plugins/org.eclipse.justj.openjdk.hotspot.jre.full.win32.x86_64_17.0.5.v20221102-0933/jre/bin/server;C:/Users/josip/.p2/pool/plugins/org.eclipse.justj.openjdk.hotspot.jre.full.win32.x86_64_17.0.5.v20221102-0933/jre/bin;C:\RoboDK\Python37\Scripts\;C:\RoboDK\Python37\;C:\ProgramData\Oracle\Java\javapath;C:\oraclexe\app\oracle\product\11.2.0\server\bin;C:\Program Files (x86)\Common Files\Oracle\Java\javapath;C:\Program Files (x86)\Intel\TXE Components\TCS\;C:\Program Files\Intel\TXE Components\TCS\;C:\WINDOWS\system32;C:\WINDOWS;C:\WINDOWS\System32\Wbem;C:\WINDOWS\System32\WindowsPowerShell\v1.0\;C:\Program Files\Intel\TXE Components\DAL\;C:\Program Files (x86)\Intel\TXE Components\DAL\;C:\Program Files\Intel\TXE Components\IPT\;C:\Program Files (x86)\Intel\TXE Components\IPT\;C:\WINDOWS\System32\OpenSSH\;C:\Users\josip\Desktop;C:\Program Files\Intel\WiFi\bin\;C:\Program Files\Common Files\Intel\WirelessCommon\;C:\Program Files\dotnet\;C:\wamp64\bin\php\php8.0.13;C:\ProgramData\ComposerSetup\bin;C:\Program Files\nodejs\;C:\RoboDK\Python37\Scripts\;C:\RoboDK\Python37\;C:\ProgramData\Oracle\Java\javapath;C:\oraclexe\app\oracle\product\11.2.0\server\bin;C:\Program Files (x86)\Common Files\Oracle\Java\javapath;C:\Program Files (x86)\Intel\TXE Components\TCS\;C:\Program Files\Intel\TXE Components\TCS\;C:\WINDOWS\system32;C:\WINDOWS;C:\WINDOWS\System32\Wbem;C:\WINDOWS\System32\WindowsPowerShell\v1.0\;C:\Program Files\Intel\TXE Components\DAL\;C:\Program Files (x86)\Intel\TXE Components\DAL\;C:\Program Files\Intel\TXE Components\IPT\;C:\Program Files (x86)\Intel\TXE Components\IPT\;C:\WINDOWS\System32\OpenSSH\;C:\Users\josip\Desktop;C:\Program Files\Intel\WiFi\bin\;C:\Program Files\Common Files\Intel\WirelessCommon\;C:\Program Files\dotnet\;C:\wamp64\bin\php\php8.0.13;C:\ProgramData\ComposerSetup\bin;C:\Program Files\nodejs\;C:\RoboDK\Python37\Scripts\;C:\RoboDK\Python37\;C:\ProgramData\Oracle\Java\javapath;C:\oraclexe\app\oracle\product\11.2.0\serve
USERNAME=josip
OS=Windows_NT
PROCESSOR_IDENTIFIER=Intel64 Family 6 Model 76 Stepping 4, GenuineIntel
TMP=C:\Users\josip\AppData\Local\Temp
TEMP=C:\Users\josip\AppData\Local\Temp



---------------  S Y S T E M  ---------------

OS:
 Windows 10 , 64 bit Build 19041 (10.0.19041.2546)
OS uptime: 0 days 14:17 hours
Hyper-V role detected

CPU: total 2 (initial active 2) (2 cores per cpu, 1 threads per core) family 6 model 76 stepping 4 microcode 0x411, cx8, cmov, fxsr, mmx, 3dnowpref, sse, sse2, sse3, ssse3, sse4.1, sse4.2, popcnt, tsc, tscinvbit, aes, erms, clmul, clflush, hv

Memory: 4k page, system-wide physical 8097M (1684M free)
TotalPageFile size 23202M (AvailPageFile size 3M)
current process WorkingSet (physical memory assigned to process): 41M, peak: 41M
current process commit charge ("private bytes"): 197M, peak: 197M

vm_info: OpenJDK 64-Bit Server VM (17.0.5+8) for windows-amd64 JRE (17.0.5+8), built on Oct 19 2022 04:48:13 by "temurin" with MS VC++ 16.7 (VS2019)

END.
