#
# There is insufficient memory for the Java Runtime Environment to continue.
# Native memory allocation (mmap) failed to map 134217728 bytes for G1 virtual space
# Possible reasons:
#   The system is out of physical RAM or swap space
#   The process is running with CompressedOops enabled, and the Java Heap may be blocking the growth of the native heap
# Possible solutions:
#   Reduce memory load on the system
#   Increase physical memory or swap space
#   Check if swap backing store is full
#   Decrease Java heap size (-Xmx/-Xms)
#   Decrease number of Java threads
#   Decrease Java thread stack sizes (-Xss)
#   Set larger code cache with -XX:ReservedCodeCacheSize=
#   JVM is running with Unscaled Compressed Oops mode in which the Java heap is
#     placed in the first 4GB address space. The Java Heap base address is the
#     maximum limit for the native heap growth. Please use -XX:HeapBaseMinAddress
#     to set the Java Heap base and to place the Java Heap above 4GB virtual address.
# This output file may be truncated or incomplete.
#
#  Out of Memory Error (os_windows.cpp:3548), pid=5416, tid=22840
#
# JRE version:  (17.0.5+8) (build )
# Java VM: OpenJDK 64-Bit Server VM (17.0.5+8, mixed mode, sharing, tiered, compressed oops, compressed class ptrs, g1 gc, windows-amd64)
# No core dump will be written. Minidumps are not enabled by default on client versions of Windows
#

---------------  S U M M A R Y ------------

Command Line: -Dfile.encoding=UTF-8 --module-path=C:\Users\josip\eclipse-workspace\Memory\bin -XX:+ShowCodeDetailsInExceptionMessages -Djdk.module.main=Memory Memory/memory_game.Memory

Host: Intel(R) Celeron(R) CPU  N3060  @ 1.60GHz, 2 cores, 7G,  Windows 10 , 64 bit Build 19041 (10.0.19041.2546)
Time: Tue Feb 28 22:10:08 2023 Srednja Europa - st. vrij.  elapsed time: 0.398527 seconds (0d 0h 0m 0s)

---------------  T H R E A D  ---------------

Current thread (0x0000020cbc63e810):  JavaThread "Unknown thread" [_thread_in_vm, id=22840, stack(0x0000006b4fc00000,0x0000006b4fd00000)]

Stack: [0x0000006b4fc00000,0x0000006b4fd00000]
Native frames: (J=compiled Java code, j=interpreted, Vv=VM code, C=native code)
V  [jvm.dll+0x676b3a]
V  [jvm.dll+0x831444]
V  [jvm.dll+0x832bee]
V  [jvm.dll+0x833253]
V  [jvm.dll+0x244ce5]
V  [jvm.dll+0x673a49]
V  [jvm.dll+0x66811a]
V  [jvm.dll+0x303ceb]
V  [jvm.dll+0x30b1e6]
V  [jvm.dll+0x35adbe]
V  [jvm.dll+0x35afef]
V  [jvm.dll+0x2dab88]
V  [jvm.dll+0x2dbaf4]
V  [jvm.dll+0x803121]
V  [jvm.dll+0x368bb1]
V  [jvm.dll+0x7e265c]
V  [jvm.dll+0x3eb17f]
V  [jvm.dll+0x3eccc1]
C  [jli.dll+0x5267]
C  [ucrtbase.dll+0x21bb2]
C  [KERNEL32.DLL+0x17614]
C  [ntdll.dll+0x526a1]


---------------  P R O C E S S  ---------------

Threads class SMR info:
_java_thread_list=0x00007ff9ed622f18, length=0, elements={
}

Java Threads: ( => current thread )

Other Threads:
  0x0000020cbe776d70 GCTaskThread "GC Thread#0" [stack: 0x0000006b4fd00000,0x0000006b4fe00000] [id=22876]
  0x0000020cbe7879f0 ConcurrentGCThread "G1 Main Marker" [stack: 0x0000006b4fe00000,0x0000006b4ff00000] [id=15388]
  0x0000020cbe788ce0 ConcurrentGCThread "G1 Conc#0" [stack: 0x0000006b4ff00000,0x0000006b50000000] [id=8268]

[error occurred during error reporting (printing all threads), id 0xc0000005, EXCEPTION_ACCESS_VIOLATION (0xc0000005) at pc=0x00007ff9ecdfb617]

VM state: not at safepoint (not fully initialized)

VM Mutex/Monitor currently owned by a thread:  ([mutex/lock_event])
[0x0000020cbe719570] Heap_lock - owner thread: 0x0000020cbc63e810

Heap address: 0x0000000081600000, size: 2026 MB, Compressed Oops mode: 32-bit

CDS archive(s) mapped at: [0x0000000000000000-0x0000000000000000-0x0000000000000000), size 0, SharedBaseAddress: 0x0000000800000000, ArchiveRelocationMode: 0.
Narrow klass base: 0x0000000000000000, Narrow klass shift: 0, Narrow klass range: 0x0

GC Precious Log:
<Empty>

Heap:
 garbage-first heap   total 0K, used 0K [0x0000000081600000, 0x0000000100000000)
  region size 1024K, 0 young (0K), 0 survivors (0K)

[error occurred during error reporting (printing heap information), id 0xc0000005, EXCEPTION_ACCESS_VIOLATION (0xc0000005) at pc=0x00007ff9ed1dfcb9]

GC Heap History (0 events):
No events

Dll operation events (1 events):
Event: 0.054 Loaded shared library C:\Users\josip\.p2\pool\plugins\org.eclipse.justj.openjdk.hotspot.jre.full.win32.x86_64_17.0.5.v20221102-0933\jre\bin\java.dll

Deoptimization events (0 events):
No events

Classes unloaded (0 events):
No events

Classes redefined (0 events):
No events

Internal exceptions (0 events):
No events

VM Operations (0 events):
No events

Events (0 events):
No events


Dynamic libraries:
0x00007ff742b90000 - 0x00007ff742b9e000 	C:\Users\josip\.p2\pool\plugins\org.eclipse.justj.openjdk.hotspot.jre.full.win32.x86_64_17.0.5.v20221102-0933\jre\bin\javaw.exe
0x00007ffa5c910000 - 0x00007ffa5cb08000 	C:\WINDOWS\SYSTEM32\ntdll.dll
0x00007ffa5b010000 - 0x00007ffa5b0cf000 	C:\WINDOWS\System32\KERNEL32.DLL
0x00007ffa5a200000 - 0x00007ffa5a4d2000 	C:\WINDOWS\System32\KERNELBASE.dll
0x00007ffa5a4e0000 - 0x00007ffa5a5e0000 	C:\WINDOWS\System32\ucrtbase.dll
0x00007ffa4af30000 - 0x00007ffa4af47000 	C:\Users\josip\.p2\pool\plugins\org.eclipse.justj.openjdk.hotspot.jre.full.win32.x86_64_17.0.5.v20221102-0933\jre\bin\jli.dll
0x00007ffa5b370000 - 0x00007ffa5b511000 	C:\WINDOWS\System32\USER32.dll
0x00007ffa5a1d0000 - 0x00007ffa5a1f2000 	C:\WINDOWS\System32\win32u.dll
0x00007ffa5b5b0000 - 0x00007ffa5b5db000 	C:\WINDOWS\System32\GDI32.dll
0x00007ffa5a0c0000 - 0x00007ffa5a1cf000 	C:\WINDOWS\System32\gdi32full.dll
0x00007ffa5a5e0000 - 0x00007ffa5a67d000 	C:\WINDOWS\System32\msvcp_win.dll
0x00007ffa4af10000 - 0x00007ffa4af29000 	C:\Users\josip\.p2\pool\plugins\org.eclipse.justj.openjdk.hotspot.jre.full.win32.x86_64_17.0.5.v20221102-0933\jre\bin\VCRUNTIME140.dll
0x00007ffa4a280000 - 0x00007ffa4a51a000 	C:\WINDOWS\WinSxS\amd64_microsoft.windows.common-controls_6595b64144ccf1df_6.0.19041.1110_none_60b5254171f9507e\COMCTL32.dll
0x00007ffa5b280000 - 0x00007ffa5b31e000 	C:\WINDOWS\System32\msvcrt.dll
0x00007ffa5b330000 - 0x00007ffa5b362000 	C:\WINDOWS\System32\IMM32.DLL
0x00007ffa50580000 - 0x00007ffa5058c000 	C:\Users\josip\.p2\pool\plugins\org.eclipse.justj.openjdk.hotspot.jre.full.win32.x86_64_17.0.5.v20221102-0933\jre\bin\vcruntime140_1.dll
0x00007ffa265b0000 - 0x00007ffa26641000 	C:\Users\josip\.p2\pool\plugins\org.eclipse.justj.openjdk.hotspot.jre.full.win32.x86_64_17.0.5.v20221102-0933\jre\bin\msvcp140.dll
0x00007ff9ecb10000 - 0x00007ff9ed754000 	C:\Users\josip\.p2\pool\plugins\org.eclipse.justj.openjdk.hotspot.jre.full.win32.x86_64_17.0.5.v20221102-0933\jre\bin\server\jvm.dll
0x00007ffa5c820000 - 0x00007ffa5c8ce000 	C:\WINDOWS\System32\ADVAPI32.dll
0x00007ffa5bcf0000 - 0x00007ffa5bd8c000 	C:\WINDOWS\System32\sechost.dll
0x00007ffa5bd90000 - 0x00007ffa5beb5000 	C:\WINDOWS\System32\RPCRT4.dll
0x00007ffa586f0000 - 0x00007ffa586f9000 	C:\WINDOWS\SYSTEM32\WSOCK32.dll
0x00007ffa5bc60000 - 0x00007ffa5bccb000 	C:\WINDOWS\System32\WS2_32.dll
0x00007ffa41e50000 - 0x00007ffa41e77000 	C:\WINDOWS\SYSTEM32\WINMM.dll
0x00007ffa44da0000 - 0x00007ffa44daa000 	C:\WINDOWS\SYSTEM32\VERSION.dll
0x00007ffa58860000 - 0x00007ffa58872000 	C:\WINDOWS\SYSTEM32\kernel.appcore.dll
0x00007ffa3dfb0000 - 0x00007ffa3dfba000 	C:\Users\josip\.p2\pool\plugins\org.eclipse.justj.openjdk.hotspot.jre.full.win32.x86_64_17.0.5.v20221102-0933\jre\bin\jimage.dll
0x00007ffa584e0000 - 0x00007ffa586c4000 	C:\WINDOWS\SYSTEM32\DBGHELP.DLL
0x00007ffa41e00000 - 0x00007ffa41e35000 	C:\WINDOWS\SYSTEM32\dbgcore.DLL
0x00007ffa5a810000 - 0x00007ffa5a892000 	C:\WINDOWS\System32\bcryptPrimitives.dll
0x00007ffa28680000 - 0x00007ffa286a5000 	C:\Users\josip\.p2\pool\plugins\org.eclipse.justj.openjdk.hotspot.jre.full.win32.x86_64_17.0.5.v20221102-0933\jre\bin\java.dll

dbghelp: loaded successfully - version: 4.0.5 - missing functions: none
symbol engine: initialized successfully - sym options: 0x614 - pdb path: .;C:\Users\josip\.p2\pool\plugins\org.eclipse.justj.openjdk.hotspot.jre.full.win32.x86_64_17.0.5.v20221102-0933\jre\bin;C:\WINDOWS\SYSTEM32;C:\WINDOWS\WinSxS\amd64_microsoft.windows.common-controls_6595b64144ccf1df_6.0.19041.1110_none_60b5254171f9507e;C:\Users\josip\.p2\pool\plugins\org.eclipse.justj.openjdk.hotspot.jre.full.win32.x86_64_17.0.5.v20221102-0933\jre\bin\server

VM Arguments:
jvm_args: -Dfile.encoding=UTF-8 --module-path=C:\Users\josip\eclipse-workspace\Memory\bin -XX:+ShowCodeDetailsInExceptionMessages -Djdk.module.main=Memory 
java_command: Memory/memory_game.Memory
java_class_path (initial): <not set>
Launcher Type: SUN_STANDARD

[Global flags]
     intx CICompilerCount                          = 2                                         {product} {ergonomic}
     uint ConcGCThreads                            = 1                                         {product} {ergonomic}
     uint G1ConcRefinementThreads                  = 2                                         {product} {ergonomic}
   size_t G1HeapRegionSize                         = 1048576                                   {product} {ergonomic}
    uintx GCDrainStackTargetSize                   = 64                                        {product} {ergonomic}
   size_t InitialHeapSize                          = 134217728                                 {product} {ergonomic}
   size_t MarkStackSize                            = 4194304                                   {product} {ergonomic}
   size_t MaxHeapSize                              = 2124414976                                {product} {ergonomic}
   size_t MinHeapDeltaBytes                        = 1048576                                   {product} {ergonomic}
   size_t MinHeapSize                              = 8388608                                   {product} {ergonomic}
    uintx NonNMethodCodeHeapSize                   = 5826188                                {pd product} {ergonomic}
    uintx NonProfiledCodeHeapSize                  = 122916026                              {pd product} {ergonomic}
    uintx ProfiledCodeHeapSize                     = 122916026                              {pd product} {ergonomic}
    uintx ReservedCodeCacheSize                    = 251658240                              {pd product} {ergonomic}
     bool SegmentedCodeCache                       = true                                      {product} {ergonomic}
     bool ShowCodeDetailsInExceptionMessages       = true                                   {manageable} {command line}
   size_t SoftMaxHeapSize                          = 2124414976                             {manageable} {ergonomic}
     bool UseCompressedClassPointers               = true                           {product lp64_product} {ergonomic}
     bool UseCompressedOops                        = true                           {product lp64_product} {ergonomic}
     bool UseG1GC                                  = true                                      {product} {ergonomic}
     bool UseLargePagesIndividualAllocation        = false                                  {pd product} {ergonomic}

Logging:
Log output configuration:
 #0: stdout all=warning uptime,level,tags
 #1: stderr all=off uptime,level,tags

Environment Variables:
PATH=C:/Users/josip/.p2/pool/plugins/org.eclipse.justj.openjdk.hotspot.jre.full.win32.x86_64_17.0.5.v20221102-0933/jre/bin/server;C:/Users/josip/.p2/pool/plugins/org.eclipse.justj.openjdk.hotspot.jre.full.win32.x86_64_17.0.5.v20221102-0933/jre/bin;C:\RoboDK\Python37\Scripts\;C:\RoboDK\Python37\;C:\ProgramData\Oracle\Java\javapath;C:\oraclexe\app\oracle\product\11.2.0\server\bin;C:\Program Files (x86)\Common Files\Oracle\Java\javapath;C:\Program Files (x86)\Intel\TXE Components\TCS\;C:\Program Files\Intel\TXE Components\TCS\;C:\WINDOWS\system32;C:\WINDOWS;C:\WINDOWS\System32\Wbem;C:\WINDOWS\System32\WindowsPowerShell\v1.0\;C:\Program Files\Intel\TXE Components\DAL\;C:\Program Files (x86)\Intel\TXE Components\DAL\;C:\Program Files\Intel\TXE Components\IPT\;C:\Program Files (x86)\Intel\TXE Components\IPT\;C:\WINDOWS\System32\OpenSSH\;C:\Users\josip\Desktop;C:\Program Files\Intel\WiFi\bin\;C:\Program Files\Common Files\Intel\WirelessCommon\;C:\Program Files\dotnet\;C:\wamp64\bin\php\php8.0.13;C:\ProgramData\ComposerSetup\bin;C:\Program Files\nodejs\;C:\RoboDK\Python37\Scripts\;C:\RoboDK\Python37\;C:\ProgramData\Oracle\Java\javapath;C:\oraclexe\app\oracle\product\11.2.0\server\bin;C:\Program Files (x86)\Common Files\Oracle\Java\javapath;C:\Program Files (x86)\Intel\TXE Components\TCS\;C:\Program Files\Intel\TXE Components\TCS\;C:\WINDOWS\system32;C:\WINDOWS;C:\WINDOWS\System32\Wbem;C:\WINDOWS\System32\WindowsPowerShell\v1.0\;C:\Program Files\Intel\TXE Components\DAL\;C:\Program Files (x86)\Intel\TXE Components\DAL\;C:\Program Files\Intel\TXE Components\IPT\;C:\Program Files (x86)\Intel\TXE Components\IPT\;C:\WINDOWS\System32\OpenSSH\;C:\Users\josip\Desktop;C:\Program Files\Intel\WiFi\bin\;C:\Program Files\Common Files\Intel\WirelessCommon\;C:\Program Files\dotnet\;C:\wamp64\bin\php\php8.0.13;C:\ProgramData\ComposerSetup\bin;C:\Program Files\nodejs\;C:\RoboDK\Python37\Scripts\;C:\RoboDK\Python37\;C:\ProgramData\Oracle\Java\javapath;C:\oraclexe\app\oracle\product\11.2.0\serve
USERNAME=josip
OS=Windows_NT
PROCESSOR_IDENTIFIER=Intel64 Family 6 Model 76 Stepping 4, GenuineIntel
TMP=C:\Users\josip\AppData\Local\Temp
TEMP=C:\Users\josip\AppData\Local\Temp



---------------  S Y S T E M  ---------------

OS:
 Windows 10 , 64 bit Build 19041 (10.0.19041.2546)
OS uptime: 0 days 11:04 hours
Hyper-V role detected

CPU: total 2 (initial active 2) (2 cores per cpu, 1 threads per core) family 6 model 76 stepping 4 microcode 0x411, cx8, cmov, fxsr, mmx, 3dnowpref, sse, sse2, sse3, ssse3, sse4.1, sse4.2, popcnt, tsc, tscinvbit, aes, erms, clmul, clflush, hv

Memory: 4k page, system-wide physical 8097M (944M free)
TotalPageFile size 23199M (AvailPageFile size 76M)
current process WorkingSet (physical memory assigned to process): 10M, peak: 10M
current process commit charge ("private bytes"): 47M, peak: 175M

vm_info: OpenJDK 64-Bit Server VM (17.0.5+8) for windows-amd64 JRE (17.0.5+8), built on Oct 19 2022 04:48:13 by "temurin" with MS VC++ 16.7 (VS2019)

END.
